6
469
214
250
53
350
185
266
36
261
724
216
212
227
319
230
371
378
471
1
352
207
480
161
273
480
13
249
425
326
344
119
324
134
285
132
207
43
191
395
301
248
92
224
229
68
42
163
33
455
377
235
176
171
720
540
400
150
414
125
451
812
250
352
26
94
128
457
309
337
103
447
171
473
432
8
196
139
194
365
102
456
237
422
361
382
447
246
278
109
264
370
293
294
284
49
400
129
480
350
484
453
435
88
109
471
784
259
235
261
385
18
388
42
299
308
447
624
8
185
236
160
290
359
263
439
15
82
674
492
481
280
56
636
276
640
558
106
734
242
82
266
383
471
159
276
592
480
272
186
14
155
30
27
558
379
188
407
168
127
78
183
453
386
293
202
433
475
137
94
99
38
147
756
261
490
68
227
460
386
245
660
43
161
236
794
998
487
447
798
52
227
369
122
274
211
127
674
536
536
450
127
374
592
386
990
766
75
176
211
349
424
872
446
346
615
826
197
269
382
411
696
28
22
186
129
636
932
417
223
712
145
387
932
250
423
132
794
357
458
233
117
132
92
544
656
65
381
