314
354
355
383
162
199
280
59
419
420
182
394
345
447
4
69
257
340
351
461
494
11
244
346
378
532
400
301
333
95
458
132
496
101
228
385
231
990
2
376
604
89
101
263
92
76
426
326
254
276
95
447
407
309
103
189
234
718
118
43
300
218
479
450
265
464
134
346
201
158
450
58
460
195
141
400
102
347
472
158
153
345
341
24
145
99
255
170
101
249
84
151
398
121
982
47
314
345
532
220
888
209
396
131
380
497
12
289
218
276
214
484
70
201
362
369
113
420
336
99
484
570
257
44
35
303
291
11
272
75
686
445
111
91
268
334
542
169
14
18
422
59
72
262
312
333
518
422
289
78
240
278
560
590
405
397
472
155
233
197
946
485
464
309
149
776
550
124
514
30
272
489
297
700
982
4
832
330
189
337
413
824
1000
222
373
25
744
330
366
430
375
233
382
221
126
300
101
472
81
435
367
380
920
238
307
160
160
149
624
106
366
282
300
284
228
598
276
398
79
441
46
504
445
113
610
150
358
365
942
147
260
698
114
351
127
234
642
72
832
304
856
106
94
60
485
674
104
220
