162
207
263
262
136
259
135
426
176
158
447
137
167
16
210
302
136
49
170
214
404
142
417
348
112
45
342
20
450
118
217
926
302
458
296
495
367
140
8
399
318
413
363
500
276
264
482
922
270
91
191
464
410
8
369
658
466
266
64
441
462
309
350
405
462
143
316
94
346
214
80
394
418
315
372
23
275
25
141
313
140
496
320
273
372
353
449
209
287
744
298
324
126
266
422
391
465
112
469
70
49
262
312
538
167
202
164
284
224
437
169
125
198
162
140
216
45
323
209
219
460
980
252
48
340
473
473
199
445
270
438
180
154
362
188
164
244
292
345
369
467
48
484
318
708
306
366
538
428
253
112
469
204
496
113
130
531
480
208
321
142
185
85
53
44
118
304
287
79
364
234
392
426
155
542
394
308
295
122
447
306
326
378
500
174
204
603
246
183
708
44
174
364
401
251
82
390
147
233
904
399
436
317
163
445
232
830
747
142
242
20
514
538
118
932
241
141
455
710
15
91
992
806
401
432
32
97
36
297
26
858
196
196
154
790
20
303
89
106
417
194
696
986
362
