33592
36528
34005
47439
41080
57848
59962
59330
46470
10062
49698
35878
40130
64230
43380
33828
50910
54256
45915
42452
36060
37712
33924
39063
34760
41596
46204
64584
51918
45093
37551
35091
40864
43320
41560
38895
34434
20460
55224
36306
58890
65222
56998
7160
5096
39068
35352
64336
33176
39636
37680
36540
39928
41670
44458
49052
43116
47934
34752
2120
34668
46764
36570
46677
36602
33256
62614
46298
46272
65138
38284
39490
18384
45918
40490
64392
6578
51646
38745
65030
32615
39640
8949
54936
37456
51574
33545
13788
34335
37653
33654
49768
35676
36290
35680
36200
44154
52698
44196
28200
42670
47474
36315
29550
21476
38774
36244
44070
42363
37934
61528
41836
45182
48490
60040
35272
56126
40128
37904
8532
35296
10164
65012
26514
36360
35180
24504
59256
55950
39618
26970
29152
35904
34266
35074
40196
6310
44492
33655
33033
36992
15849
33424
46342
37968
17526
36081
35950
47246
63418
54660
38846
34472
43228
38788
3396
34505
43191
9510
36990
44493
54532
34422
35430
48462
46222
33960
35280
42024
39512
21369
816
57374
35820
59406
44030
30489
33060
34404
36458
54310
2960
7992
61590
34408
35024
4688
37995
41355
63658
60524
40096
51684
44994
42248
32537
48322
52898
33636
58774
27620
44440
44838
39992
42152
59724
47078
38792
43432
62834
37168
38181
36370
33308
55838
42213
32964
39740
42183
40250
13328
35688
54428
13085
58160
4694
47295
35392
35063
62838
42208
35792
44370
43532
60534
37950
60556
51202
15794
46348
48120
20720
22712
57422
35872
1047
37970
15451
6620
33608
64918
56488
43680
33240
33366
35950
44601
38544
63776
47288
3768
52078
45072
51596
36652
18666
24814
40880
45282
6314
35666
38994
41840
36078
42033
36432
5760
54142
23844
46694
39278
7160
47018
51414
62544
64472
34320
44175
65142
54644
32868
31479
16653
42702
40200
41814
62356
35340
55794
48972
43832
43524
3392
4802
31508
40080
32830
49906
36894
13290
43496
34866
35810
36130
44790
35876
35392
59186
39105
35684
34550
55972
56492
42854
2937
34056
43959
40828
48680
62586
62416
48276
44898
52152
43138
36531
33870
36429
38604
41980
38560
17130
13328
10836
55186
58882
50342
34839
39230
42512
39732
33590
63606
13609
41949
33456
49106
48438
55794
2469
62504
44108
60778
23322
57134
11844
63934
36734
1680
39636
23132
32860
62114
41433
36204
35490
36156
51452
46090
41016
40826
65060
32929
49558
34779
54244
37864
62404
16056
21354
38880
50320
2937
35692
30932
36732
41020
59842
46394
59250
36759
42506
18062
20412
32994
35761
41337
60062
4960
40036
25539
45696
36594
40845
48234
27219
45712
11686
237
45774
42015
41634
31667
1100
46605
63972
29652
11115
36136
40245
47367
40398
33855
41600
20444
34464
58028
29616
65048
47090
36375
34407
40615
34995
41600
34600
34304
41010
50880
41790
23661
42704
54592
31929
7914
37560
35350
42552
45264
34084
42216
39424
50128
33252
33408
41283
17677
7667
46380
40452
32152
58100
38180
33716
34268
32478
55000
40581
43258
26704
43040
45032
53040
53316
38992
41253
62514
55080
50216
39786
65480
43356
33208
33834
51010
4026
60770
32836
35155
33228
49904
48796
40440
42378
32923
7343
46874
40804
55530
42680
59450
39450
47822
27275
39792
41518
56738
42594
39236
50318
35829
36054
33820
43672
46152
44238
34503
58858
35926
34692
22780
49778
31482
33420
44742
32140
15475
38958
39045
49006
63956
41139
55212
43378
44078
34806
35244
34435
33720
47883
45088
40869
51986
34338
44184
22760
24444
62906
54886
34839
49088
38796
33348
39980
58258
59114
41532
59058
57850
61428
33858
51916
34160
49004
56902
60770
64980
58984
57030
13054
34460
8116
35112
51250
58188
14230
39382
41304
52256
48230
58820
43024
34776
53612
22822
44673
38859
41097
10461
51422
50148
32805
32850
3460
64530
28620
44166
33369
34905
48171
33325
60732
37779
32780
38172
38976
24453
59624
37212
57728
49758
49734
56798
44002
51844
32478
60892
35270
48832
42104
48872
56912
65282
10744
45318
33235
34070
25170
39580
34330
39735
25495
37460
41900
40602
48600
13000
32940
36422
57336
38601
34945
9064
36292
8101
33280
51740
49116
38244
57444
46658
34728
58012
48356
65508
47194
10258
23008
33012
63436
51486
51204
33528
47564
48312
34272
39988
35760
38000
42009
33870
48912
59290
45330
65248
35744
34292
38932
36828
47560
49260
32924
37895
61384
51500
43438
47625
61188
64688
12277
59816
60182
41684
37902
57806
37386
41820
60638
43404
47814
35656
34324
5994
54068
32560
48423
34998
33550
40675
43662
52598
56196
44040
64338
43442
33483
35222
37248
34115
60054
40890
30921
59728
63372
42628
36844
32550
39345
10062
1360
55984
42393
33672
35908
33068
36984
17873
44556
38030
57272
11288
44094
35001
34888
31482
46041
6103
36183
45462
33732
38010
62184
27733
34704
33744
25106
6314
33112
42714
33290
33036
49404
38875
40952
51184
33190
45524
34010
27634
50184
35793
3884
40048
27527
42453
47541
55450
45000
35108
59356
47270
46296
45291
47556
40216
38254
35618
63128
43282
33552
34122
61008
41644
36939
35598
46785
14673
36150
36486
56182
36560
39800
40686
53990
62268
11844
35395
56738
45664
45740
34104
5938
10608
42867
39579
38125
61212
40036
49976
2870
53952
4688
42676
46689
33888
57998
34388
45081
34296
39640
65266
60474
32844
35518
58332
33488
34940
54450
40656
57706
43076
21907
40426
43304
36704
9095
38452
38410
24908
53330
34408
9864
13000
38460
41236
46298
47976
44630
58978
33744
42192
33110
48020
39630
40434
43162
18893
54944
40595
62450
18212
46806
44418
54202
33656
37370
52200
33168
8116
52926
51020
3824
59782
47340
18282
30464
38847
41025
65184
61040
20802
61546
62266
39620
40682
63250
4729
34572
37824
53086
13195
46024
33960
46708
13788
35193
37000
38585
38988
42734
44980
36344
6975
58816
37098
37532
24444
36542
33816
60680
47985
40788
40264
45302
38618
41766
65184
61226
57260
61288
46774
43568
34542
42696
52630
4191
43713
54644
51372
44100
45705
28743
36584
35585
8360
61638
61222
45810
38615
37076
40104
38928
511
38452
38510
64660
44794
52142
33024
33728
40108
59234
28712
45330
35880
33702
