43884
44808
44994
40974
57924
36123
57750
35672
43120
33612
49344
45312
36178
34048
63204
47586
10800
44284
58604
44324
17820
39820
33804
33360
37458
36688
57752
12529
44802
40500
60854
64064
57210
41466
50324
39980
64078
44728
59720
28137
53980
61916
49552
44952
52200
34375
16122
42636
36890
34368
23450
33444
63104
35208
32912
63426
40776
56322
33333
38760
24269
58748
38010
10416
33745
15576
41540
50612
42396
50214
45956
37165
28565
57974
47938
47067
33200
33940
46438
41064
60892
46780
42764
39378
2897
40305
17012
54106
7678
34185
45036
39828
37794
40048
41170
36261
39965
34488
45590
63466
35036
46818
49478
47154
62262
44271
58062
37768
37930
32994
34410
38211
50572
42928
35087
30099
33032
36420
45591
49708
54508
54382
39549
1272
35454
35344
20775
34840
34386
34716
53376
33556
41632
47526
53464
59842
42752
39584
47334
44528
35783
42813
57842
7822
55360
52830
6216
34255
45021
60038
46246
26703
45822
40660
45951
52812
40534
63682
11240
33768
17086
58016
44442
48786
34224
36390
35590
59828
51584
36400
59224
34000
50530
42276
47328
33294
45240
52352
60860
41364
28900
37752
9222
39304
33624
36238
64218
38496
33593
33740
39596
35964
33046
58434
46974
44553
53414
53054
41148
38280
54978
45264
45246
37280
56256
55336
46803
47100
10101
33228
36182
34181
60524
59826
41992
37036
42070
45868
41481
52636
63124
3242
62008
36675
40206
35036
6700
34348
46420
3115
35216
63542
38052
1281
33649
34704
59398
13716
10490
35875
55234
44136
56688
40108
32812
63870
32910
39861
57220
1771
47673
33672
21547
52500
45118
39942
47889
33123
47226
48512
46341
47172
46812
40800
9019
42232
43416
9210
17456
63418
36378
4344
36222
46626
2762
46354
54748
60954
60378
40221
40874
55100
43785
57152
39639
33816
34392
54170
46234
43881
52598
41955
36486
47520
22287
8930
1862
37972
36936
36572
22145
52454
33750
47314
37864
46124
39618
43064
38644
35514
61922
14300
53880
34112
38965
47352
45826
33060
58408
38035
52214
38919
33168
40671
35248
39505
46620
55782
33460
34476
33095
39668
37317
36975
33700
45430
13565
36030
3780
47110
55048
40250
35730
38300
33635
28294
6790
43960
24321
41636
57146
62056
33693
32978
34125
35632
54116
64394
42400
34920
48849
64324
36043
38456
50456
34005
40774
38080
34980
43480
63452
10665
40646
45886
41336
14502
34134
34390
876
12065
40192
51926
33826
64946
51212
61562
41088
42000
33858
40500
35433
34618
23456
42112
34011
47814
36360
50312
34504
61496
37506
50706
37016
43352
56062
58634
34842
61754
36296
59126
60334
9180
34470
48678
64764
54166
46698
60764
38856
34131
39030
42246
56462
61132
48930
38439
33304
55820
50218
33726
51316
36852
49638
39792
62518
41268
41427
48754
56388
51872
37146
35156
33376
34659
36805
48230
36510
37128
54638
10056
44632
47802
38715
33780
4746
35020
37314
7720
61816
61232
59258
51942
38064
37236
34146
45324
29067
28000
33252
30368
56558
36102
58668
32824
48906
63696
63328
48886
40540
58588
42372
57406
37332
33370
33686
23953
15076
45300
42892
35702
52342
59802
54816
63218
40094
44943
48666
33960
60204
55702
36968
1351
63498
34580
38691
2632
59362
34272
40083
47451
46794
56406
41932
64614
1305
13356
56310
48688
55688
32992
43230
63804
59622
33174
48978
56392
33014
36525
34150
50288
37272
14660
61496
240
48716
39492
35006
38322
40912
39348
39946
60306
33712
44271
48410
27180
59296
58930
40866
36432
34192
41499
35464
55618
34892
57268
39620
38258
33250
53460
37014
44910
35628
52036
13956
34221
35552
48321
48898
59556
43186
45944
56790
19263
47552
19784
1650
34760
41475
34794
55580
62054
33376
39474
4778
54850
48402
5481
44248
34495
55644
36800
59094
45387
37800
33704
36042
56852
34722
33388
38690
47458
33480
63274
13005
42384
52474
46128
45753
54050
24056
48758
33024
39195
33168
36846
33675
36414
35707
38058
54074
36112
42495
40800
39930
29020
7480
61968
48464
38258
40465
42036
36536
35448
43248
33366
51690
43305
45448
33654
41770
36354
27486
47302
61642
47356
39975
31928
41976
39999
46962
36015
34588
37646
23640
43572
10068
46452
57186
35976
33712
65346
40494
44870
34290
65376
14616
52438
36135
8048
24856
44300
34148
38118
38910
34175
43772
56378
37594
60898
28950
42192
43676
59658
39183
62770
38324
30381
56832
17415
3840
38175
39330
54606
41362
39117
45920
34202
33992
41040
41499
33266
60652
57296
36276
49838
45022
37096
62926
34584
43926
63386
37849
43977
21504
56482
31862
59654
35470
56016
21585
38108
62466
33918
62942
24009
33252
12722
50366
33128
55476
35123
32828
49294
36891
45138
26524
53832
33304
60278
35930
42798
56630
21700
33960
34254
44319
32668
46413
36337
44906
16146
10101
12145
43316
49026
40770
37280
18052
12267
54762
39328
52540
48195
1287
41052
19404
47992
35544
62994
38848
38991
52376
42198
33480
34536
34368
9030
59470
45084
40070
58666
35424
38316
41680
37424
54628
41523
44445
52524
61022
34947
36695
49624
40764
63244
54320
34118
44384
28630
62558
59400
59666
36904
40740
45802
35040
62148
45976
37006
17562
26371
53958
43218
35048
36720
45306
41112
59152
47778
40008
49186
35600
10209
34596
35060
42033
33748
19215
282
23244
54744
40478
26409
35730
37852
49882
52636
35716
31746
44634
61956
50254
33554
50092
54208
35967
34868
55688
37650
1296
31260
33726
22140
32840
34425
36172
53858
35232
39186
53194
36324
47757
63738
35588
39132
39194
4860
33616
63960
36514
40104
50448
46974
41656
64612
36099
49143
37920
44793
47902
34647
35778
36496
2393
38871
35758
3562
64644
64654
62700
43068
3751
39968
9408
49152
40355
9635
33575
10715
47448
30695
46276
60500
53454
33935
51320
39910
58656
32870
18642
44763
59452
34990
40012
40815
38930
55926
57972
24095
46274
25422
39476
41073
37772
34450
34254
36432
64918
36062
44622
41020
25580
37552
37935
33840
49806
46074
45456
55534
36918
57974
60880
56102
47758
37870
33888
43612
52298
19817
19885
36729
26612
43266
4968
43014
34173
39123
34288
26352
6005
24436
38028
37886
25866
41412
37728
38910
58388
22768
22045
53430
36222
65200
48483
33194
49984
18146
36894
2889
34293
33110
39028
54566
47397
41084
47130
35022
42922
38330
40376
54630
61638
35870
33768
34832
