38740
39286
48636
34692
38560
33372
49578
33887
52876
36302
46426
33552
47596
33912
60534
5242
58706
35408
54692
38996
43563
52544
40028
52122
25783
39616
42994
57902
32900
50078
36726
41997
38196
43624
39280
36728
37702
43450
27298
23144
36796
42160
36586
21660
17811
49788
47480
1990
33978
39795
30966
61386
61852
35100
33224
49134
36045
36972
43626
16169
65352
36855
33208
36232
40300
62146
56310
51172
8607
16446
48732
24068
47318
6570
36738
62640
62320
44430
33566
36604
64692
34860
41144
51782
57224
41044
35042
34328
34625
46848
45742
64960
34166
50372
50250
57060
43688
33310
60686
56316
57406
46128
55836
33927
43794
5016
35850
57166
37108
7833
38212
36408
36927
35996
10440
35432
56054
43220
53002
45098
32815
40780
41588
36990
34886
33228
33190
38028
51766
32678
35230
40868
37678
57424
35024
50940
58224
25938
26903
31573
21530
38490
38220
15820
33870
4319
46476
34035
26330
63972
33922
43842
44720
60200
32978
37470
40190
51688
42316
20779
39568
33406
57760
53774
15320
33648
17470
33248
39572
61950
33220
36975
43054
39717
43017
40344
36183
41072
36644
46128
62012
60074
43185
53102
45630
38764
64242
37252
39375
48680
16329
36178
59200
36510
33018
33360
33436
17621
35182
52700
42564
44130
52176
21650
34300
35484
11644
34416
34600
45228
34336
35539
36675
14301
39125
34689
61950
37331
55070
40872
56732
48678
24759
65418
39535
34404
40320
28134
37465
33172
4503
61456
42004
51346
34797
35572
19558
52942
33840
62266
29763
17537
60798
48072
59318
37542
61292
41817
39416
62640
41812
55918
39560
32780
50100
34140
50256
47644
13622
57844
33120
42000
45099
56512
38180
41282
59592
34902
34770
33252
59010
12336
35336
24908
1562
10096
45930
42306
34936
56810
48342
38166
37944
19811
36120
40284
36440
57800
53748
38802
60266
64260
44100
40558
1188
36484
30417
64876
43574
34896
38940
33906
41052
33845
56904
33780
37185
6417
34050
39350
34983
64940
17964
45582
49944
38574
50790
50402
64396
44144
64748
34144
6009
39513
34734
49968
60358
61842
27786
62664
45238
34884
33968
23625
50846
40761
34986
23904
40146
39436
42756
51238
57608
56946
42524
58576
34665
42056
45110
45216
35770
33962
62048
33405
58516
51696
35804
37446
34210
28645
38454
49134
32824
35095
41642
62792
47604
64896
30364
36888
34578
39351
22992
50036
37660
42444
33914
33768
44808
63342
33020
61658
39726
32852
59926
46377
48368
62908
43186
36636
33546
59052
41940
37611
60498
9645
1720
33807
40398
37428
38900
32942
45460
58442
35160
32794
34442
51792
15448
53172
32884
54572
39060
56192
56646
42364
39792
35868
29184
24825
40700
17703
36759
42358
36180
30215
57394
50404
60432
39084
44664
34760
40620
35469
36400
62560
34978
29020
34044
33444
32936
63584
42969
62136
35370
57638
38880
45408
46383
40058
6208
39816
44126
56984
35692
38848
63628
49364
34876
37720
40588
5112
10095
50546
41145
62326
45320
42666
31905
39606
6816
39850
46618
40122
34236
61388
35505
64512
50532
64742
36555
59854
37708
52820
38315
51596
37938
38685
32230
44494
54182
45090
48732
37320
39712
37690
47256
57700
47608
28904
62784
46388
40554
56144
23524
59496
17278
36160
39015
34580
53352
48348
56396
34670
36732
33048
54696
40276
58788
40460
33985
47010
45390
58338
46113
55292
53056
34671
42272
40146
64752
34242
43932
40108
42322
34880
39725
35748
33922
42684
65308
35244
29030
58096
52628
43066
27334
42920
51182
32928
35825
5112
48428
40857
42774
22896
30297
62228
33348
52438
13752
12048
30846
46986
36296
36948
57730
33750
40632
38130
10192
41628
38001
45537
46155
36420
40275
30712
54924
33999
12910
50806
53046
37000
43922
34335
11898
36825
56058
43246
36588
31021
19091
40636
52222
64486
61994
40744
22200
59600
41160
60918
46214
29652
58934
65140
32956
47232
35184
34424
55840
30884
34653
43544
48778
2375
38955
48735
449
51606
63334
47931
41610
63320
62622
6736
59768
38008
62588
17964
43144
47910
41186
34128
59094
48400
36915
33595
47532
38785
42168
35898
33960
32832
42548
24356
37764
36952
36081
26959
65048
4260
43359
14805
62512
51210
35556
42012
51330
52276
58794
36188
40925
59048
37170
34605
32916
33725
34504
34215
35904
39981
48700
56510
37120
41272
6825
40500
42708
32920
26703
32984
36404
44428
58386
46797
11907
34405
1752
4361
50768
22971
51624
51700
41391
33204
29106
48970
35415
37200
62878
38210
41892
38950
40056
55326
7695
44218
30590
35090
21074
52536
4946
38292
38302
64850
47340
37162
35866
19088
45558
34244
56588
35784
21714
46179
42946
14776
33183
35424
46580
39734
60680
46200
953
44910
34140
42560
47840
43518
48882
11292
41769
62050
58176
7296
36153
36631
32277
37135
40767
42576
56654
52910
33580
41394
35688
62046
64232
13570
34002
48824
36675
48938
44595
36872
36630
43534
35060
60172
32890
35590
3024
10518
44038
42232
34216
6063
40686
21852
51118
34020
35910
36252
43326
36214
55546
50906
37796
47972
38661
37092
45644
59402
40935
38517
32410
43088
36250
22200
34503
35670
47163
32946
35049
41564
53642
32841
45708
54812
35842
44202
46230
43497
52844
38703
23904
63414
38898
41886
39858
36285
8691
59992
9375
36846
47931
65320
36540
60368
47316
46882
53770
37996
51650
53392
55298
34260
45714
51054
36125
45228
34170
59172
59288
12876
32994
37382
55944
45802
42528
37992
39626
38080
63586
33418
53470
34914
6636
65518
63946
35210
53834
57010
33524
41712
38572
58248
38388
35865
29871
33282
37336
143
43707
59212
44499
1676
37294
34620
7803
41766
56726
35574
627
58870
35035
63236
14922
46398
34954
22235
47422
23080
46034
57058
65344
45174
60316
39918
63844
48594
46140
54614
15983
37750
21936
35575
33660
2726
32922
42868
46188
17710
44540
52956
44054
43202
33086
34723
59884
30297
47498
64846
45368
43180
37730
46130
8295
60740
63664
63184
41944
34308
21412
46302
33192
35487
57280
35352
51214
54254
45674
15837
52120
43880
37479
35892
60514
28215
41172
42880
34496
38266
52128
38248
47678
38868
33224
60180
55198
3475
60312
37144
34384
42754
28978
33000
32188
32884
33174
36708
54424
59164
42028
51034
38760
32946
58408
33370
37440
48894
43474
38908
53508
42546
47940
14328
42236
3666
56700
4801
33780
35094
46122
39822
33159
1068
40418
40440
