0
1328933
27317856
116231565
202847569
318619166
465126801
627436380
831840894
1006412420
1159722304
1337150853
1507891272
1710349138
1915349645
2168779515
2462356871
2780639175
3065277337
3344290922
3633148407
3932895202
4227537525
4537263350
4857751603
5183250323
5527611972
5872118791
6209128712
6548775782
6897141595
7248079407
7629220552
8035554910
8433031255
8856094921
9282502098
9709148264
10134164369
10574278736
11020373300
11491637109
11966281248
12445625203
12895093744
13352728635
13831535036
14324432008
14823517111
15324864114
15825585468
16339480123
16870235944
17405127971
17941571559
18480706547
19028417130
19579917578
20123140350
20678115657
21235019792
21818686715
22408798513
23009482242
23593614890
24174663422
24768588009
25363251891
25966318975
26598338508
27223461836
27863427048
28487631814
29120345751
29776286402
30434353896
31102176326
31775180387
32451473763
33129492413
33793227644
34487968657
35173541957
35868025934
36585853983
37314253963
38019667001
38727236506
39469780859
40236443877
40986978451
41754708105
42537245577
43337121801
44151432354
44982399780
45814821558
46668530500
47530845908
48436335239
