0
13568456
57519450
123741336
185303749
270487490
387521332
531909161
663443754
825412783
1007925491
1190946147
1343802974
1517082335
1719108487
1926845621
2145189846
2379137747
2623113916
2921379150
3268254992
3619262021
3973256873
4323721203
4684287774
5051549936
5431629497
5820237142
6210151366
6593937784
6945247794
7301880052
7700591945
8123225725
8508055320
8885432059
9261961962
9638671367
10029897215
10427322666
10816454317
11223816776
11646968123
12089676331
12534509693
12980458843
13426311489
13886937425
14353016812
14831394106
15311502112
15807651083
16294827285
16791400215
17286215051
17800066675
18306446709
18814292259
19325526532
19841236456
20369089345
20905093720
21442124522
21985271478
22536842067
23091995841
23649392060
24228685855
24833642872
25440412078
26057700197
26685743823
27349649200
28025574804
28710358379
29398980629
30099686005
30805061868
31506606829
32217307752
32929850890
33647605823
34363622209
35115527094
35855435358
36620825034
37384194370
38151616117
38905954591
39722035840
40525023707
41337925407
42128912279
42944028744
43743593621
44579848910
45404506248
46335918838
47311011748
48326539263
