0
7935994
53426096
115753505
195366846
317330799
429020973
546980895
718433723
899192053
1095308640
1314804358
1542661156
1796184882
2020020487
2235423097
2459903599
2704205454
2954526725
3218426529
3498105560
3820686614
4135673088
4471396413
4797300195
5136304646
5471429952
5834720156
6194039962
6569708583
6930341538
7294217862
7683611936
8089506744
8520078367
8966697383
9358533927
9762159877
10153523382
10551065697
10946503987
11355620807
11764147232
12185039147
12625586275
13069751987
13503513977
13948014851
14398973298
14874757881
15344167055
15829880993
16317060161
16806196677
17286033755
17787778083
18306187703
18830490469
19358209647
19907410578
20457159428
21005381176
21549291757
22106455528
22661258428
23228636200
23773040136
24322042602
24884612583
25474925425
26084665531
26702779039
27335479147
27973609610
28633617602
29295708879
29966534704
30640893281
31322553143
32012324821
32700749879
33398976084
34106604598
34829539497
35552965057
36304531539
37079085058
37863728881
38644885665
39433694526
40229615953
41043687774
41865903586
42720509268
43597135335
44486794567
45369268449
46303102640
47260592893
48270902320
