380586
113141
323000
375329
118154
378100
152095
285446
349005
466199
405192
278417
313952
330265
295546
231579
593105
462689
148875
218800
333934
294902
198792
402097
162095
343744
369520
133660
109227
154860
7685
386986
367818
183865
308124
413819
141152
116027
299951
328844
132782
158367
302951
355598
12300
457162
14620
615013
286628
390766
202898
167915
126732
398710
121754
140730
181278
495539
366618
193846
164740
207090
137471
130421
113078
351170
380543
114972
186912
104002
104002
159606
282424
492094
156478
107867
511791
309423
456173
124021
326595
110133
13803
167287
344887
274467
83108
199173
20242
176059
599812
411890
323728
392020
105291
111509
570429
167770
348406
158110
125101
53149
172156
267538
326016
168790
152577
121893
159603
209650
601425
394990
110533
578767
128306
104002
47124
314400
156470
72370
129771
493676
131009
337120
323263
127770
579006
114832
496446
351085
115994
267820
414646
129906
557032
366493
332187
129489
114581
312671
62530
55906
145838
157673
204553
406081
392622
114954
153631
44954
493830
127469
6008
189110
155228
273726
148002
451687
226561
186201
3180
414886
170919
366214
389080
279141
518716
138796
327290
179556
349568
109092
334077
85837
194785
378914
212850
117593
234667
176216
178179
76762
156092
178100
173439
407026
79997
169676
560848
339208
545602
379307
173923
275660
39414
199737
278947
381798
229157
261165
201563
6559
174296
347241
367616
204448
140043
321446
159071
186725
422982
484501
236710
382040
452601
384972
121217
12116
453189
125735
38103
138713
449701
138971
266696
135383
132880
104002
578567
460139
499368
398560
341618
415553
143810
459797
532104
125682
446878
474992
518352
556329
481299
432320
252430
174426
110442
346914
395956
391973
220087
572648
286013
583468
405087
327304
363633
16683
117855
172421
143651
302394
560617
138274
4554
144679
342965
578548
345456
179756
343234
50828
320143
73443
128425
185658
319611
107212
539473
374859
423469
128144
294959
230789
171686
238833
442657
122752
259351
489871
121993
290301
127494
340203
214826
152941
316719
353697
177759
608224
493439
330230
141972
157333
557954
575512
185712
470775
448820
179164
375098
59478
47286
178347
109693
425028
405524
587918
229802
284399
336561
161843
116556
333045
321621
73107
59492
171596
490296
459963
442295
368925
502470
344769
517233
357031
397285
441237
405963
234510
438947
299797
129728
495403
513633
168571
104187
278683
193503
170737
418647
511099
242532
331063
104002
411607
608469
195441
362789
104002
364118
133144
168058
390488
160632
213865
249511
443661
218993
127971
230619
281258
196499
315848
492013
162369
133378
223668
270657
341589
251289
231116
156958
115365
141104
429175
339816
343021
119522
386573
218770
133243
547876
418413
221343
415356
233303
523286
383950
433737
318966
381889
456665
480540
330372
362471
276263
133850
138959
357551
125773
169534
151473
209339
385080
219315
356536
455772
356556
135118
180823
145425
106171
329587
346387
205227
36265
434238
189316
504762
268749
129185
3200
45310
76669
336688
176620
104002
474841
150622
388439
119522
316132
6298
111962
422901
145041
120363
549732
584424
113530
414742
110877
178757
158263
230729
33632
401452
167941
239532
383559
385037
135511
414662
165814
270516
143907
274936
48528
203100
39213
126291
110954
174233
116762
310815
317176
417220
192069
423629
23259
301733
260876
72602
380503
47175
235987
400907
140167
356613
114093
313869
253660
400123
110478
46454
105450
491945
109809
204044
496995
381020
494480
219619
414896
226785
133996
104928
587586
567275
397297
375311
286780
212544
118986
392476
356534
369702
232723
151557
126509
339982
168944
161262
112126
415738
406581
248124
72834
17418
125299
24925
162017
337407
139242
138876
104002
356294
116930
104002
380175
406436
261195
122995
124598
341940
528332
70405
114624
485075
224320
265799
188171
46570
408115
209310
178311
145962
393336
104002
315601
206874
44755
495382
385785
463907
104464
248822
175628
86016
149483
248032
567773
356765
112651
148688
351361
276303
128288
399158
179314
133290
111811
175968
238038
294262
316298
534889
82506
313090
267612
332807
134221
505344
489921
334070
229817
270132
82211
169984
337910
289560
411988
310998
142290
161510
224479
156584
44406
237569
311884
365557
132998
233982
511633
347439
440122
131196
128182
321183
203147
107048
108517
42461
260146
276973
497596
422327
117254
118238
239163
120877
182305
373079
486114
451957
543765
242869
413852
404247
403610
207114
381900
333209
205780
117843
133437
9433
161692
198088
269930
25488
391805
416408
131057
82417
205631
456021
190000
137997
163321
166776
111888
863
162251
307205
249839
410181
104002
352217
431403
502353
172121
328378
394504
370400
133370
180183
403282
376739
360264
34966
336047
325172
126492
104002
309238
349092
182231
87414
104002
176068
597428
157515
360619
150309
321624
251631
402071
197182
220479
278228
247485
191143
382404
153566
365719
128090
58127
309562
6814
491769
120369
389985
73890
400554
66457
116302
372354
108646
428859
476286
565101
244952
300397
158437
239079
161683
346731
318005
343492
302266
122196
592240
367623
7493
278688
247132
320769
174993
156414
104002
410303
65290
169585
535159
65853
47648
407924
375286
146646
382149
53274
346048
205033
180087
174108
372645
308176
24158
170261
344786
494443
127483
285822
168586
183309
489930
139609
128068
522722
362142
530878
339756
9087
104002
62195
550106
172006
177551
120149
466530
240227
77581
552319
112727
257313
341500
107381
277537
119399
112074
168323
269808
425894
131401
382052
64797
358388
426136
231395
256994
202796
421465
485497
10646
203299
149672
458056
40334
227383
104002
133038
104002
519560
140368
385059
308792
104332
394304
374846
413055
185566
498443
317380
204619
572948
340140
240528
323807
106996
135999
444971
189474
129848
289119
373799
122468
115878
153932
465764
107745
379606
386241
384593
171015
232641
334332
414503
519704
577851
308666
168332
256111
300604
342033
347589
112021
124101
447582
203257
212616
309576
238317
347229
168022
164769
247307
315988
182648
379087
577625
183306
269647
496700
150709
449361
396463
104002
291251
66135
248006
104002
282314
196162
485274
154026
309653
417682
214023
378583
228992
380504
550448
366886
137060
171373
432866
149418
374690
15081
231012
137762
200843
173413
231274
123052
225374
185726
397355
170905
325027
30157
166103
169527
355216
263418
143428
222841
52765
40827
157798
112307
556061
398733
317113
175429
307405
118934
564988
407242
501283
265369
316831
321049
291284
104002
426988
293628
145146
372647
522787
222276
261716
151486
117447
142669
448857
449355
281025
389306
275182
146238
109355
131673
241846
567899
126478
337325
126077
158506
472317
13574
338906
246475
496244
104002
274573
113620
224262
259701
365118
273475
127841
198428
77393
391718
209532
367611
229111
316700
369302
122478
167327
469107
521859
138063
156108
284209
509126
170486
159200
123540
142483
297645
423883
581051
543770
185242
439952
