85081
163882
108608
191894
270325
132433
168897
223332
156463
85973
184802
168389
258480
53408
343942
234670
137039
348377
100328
116476
114180
88409
277089
46484
94172
243495
212246
221162
101208
232896
218184
124483
256343
99501
243314
43284
67976
61955
245306
108703
232835
186209
248933
92448
74254
192448
75071
214149
67490
154284
189496
188435
111860
1589
89701
175644
184479
226731
88306
158856
289375
85100
187284
230412
87764
72825
160664
41903
132035
167236
227499
159484
106806
122050
10059
147080
196049
115257
241412
346217
268411
198316
258139
109809
128410
231431
96272
141605
278198
6975
84642
97624
114973
128876
193986
52729
174232
148034
128178
116633
134662
65998
65998
165629
158268
252688
87422
233804
105537
135888
157032
159188
106113
159694
128324
59493
90556
231664
281650
178170
114226
277708
187383
262671
195133
177883
132271
227774
109411
44786
116130
211748
108187
84776
96963
227457
100607
97074
48865
117928
157299
109965
94240
231872
54495
86582
109430
93562
115679
221501
95962
123859
41409
177498
312524
103610
142348
249091
121428
239427
203766
271272
342030
231715
71046
105964
243632
211359
49348
86005
91885
104614
127495
100410
41409
67257
50341
75440
99141
133958
121182
134627
113693
240986
158293
101932
164582
240980
148509
90859
163580
255806
202668
145373
138776
65998
245246
165210
238785
148001
76722
138746
105356
118129
226703
288594
169233
86881
132416
313141
263075
80829
111356
191698
90133
129940
116032
70865
122444
84442
168199
209455
241131
191127
203449
185469
108553
93502
205712
128201
234998
169857
288805
62558
53976
66383
124694
80890
133487
115484
184315
71303
152971
123911
270888
120060
178651
348621
65998
191044
234604
138248
93490
185199
164541
67679
230703
89271
240752
96027
145617
141934
97793
182913
179444
233088
348654
130495
163549
153095
232469
287305
225439
147447
96767
91959
109623
79768
202696
128861
209961
84768
207804
86472
73159
134325
144782
86990
156533
85817
154826
161485
47817
85206
282652
227265
154444
80407
113213
137928
178997
173474
347625
197136
79710
166771
278468
137827
82494
180370
250191
147152
156755
86695
88092
154204
145413
219809
227973
313871
140485
163944
147345
192756
84163
88367
99170
179827
82877
219222
253481
142091
151813
122801
87890
269914
164170
105573
152804
282157
179499
109780
104506
94702
63287
193344
95915
179887
125048
151755
107134
110125
249026
65998
138502
168752
142748
281155
192220
186151
104659
214798
155085
116078
333939
250961
174347
188994
113983
159422
149741
147659
90494
97409
249502
335722
189674
118644
144566
85825
185607
238028
304617
7289
100087
249854
184379
211821
268954
280639
145776
74420
267523
199642
225158
220799
48176
41409
85826
152798
211108
195525
223005
141585
238925
94712
255653
101430
244411
45058
65998
66946
262048
301148
261887
274583
124182
44100
80067
220029
176435
280658
184705
83186
86108
138092
85495
134588
111459
172300
96436
144690
119259
279396
95472
89926
101778
238982
139467
156221
121052
165546
45531
122080
206649
209095
187450
176793
268843
187346
89276
132327
83127
183250
118341
283144
273407
71753
204606
339981
135303
215877
104542
191966
121721
161243
323028
169693
41409
137460
64808
110853
174692
164029
73866
82579
154711
194717
187007
205955
140549
189655
102866
124833
45059
248196
92248
82678
93627
102777
187128
106150
65998
143222
124231
87020
110547
211826
113029
169410
198861
102149
209138
65998
100914
92594
236350
247490
339049
182583
213973
92587
51594
123539
242418
227058
214661
196156
115427
186977
311268
119849
187389
93830
328802
145938
174875
86831
219699
57890
276598
121935
166793
171172
263278
109526
195197
132762
46500
238330
133102
93070
254807
189932
46560
250679
180076
348178
88159
309708
164243
138397
97114
187585
100415
278294
116465
55113
175214
153845
113930
100392
199626
219951
119796
260805
82065
225860
100144
257834
128516
235703
331910
118763
183018
65443
92682
251157
65998
88124
150939
225968
41409
205050
41409
110633
249296
265502
172335
114146
82099
250142
109814
241092
165417
130498
220479
185721
282548
272881
111035
292574
315990
149783
77311
114136
164726
95422
178929
170446
102645
219053
180755
98840
287940
91401
170246
56314
283690
76527
180775
148542
97269
145089
116630
178001
139857
195081
162115
106671
245753
169444
162426
212190
79297
201676
148958
257778
190277
3287
88438
246109
70326
92191
185286
85051
79855
116774
188654
82193
47744
250440
83752
193096
155317
145425
109052
105433
199534
151871
84221
78852
175698
130343
77254
252008
92827
132643
176190
129432
150735
177674
190221
114111
88959
146878
81802
192226
46937
90134
99121
283486
246323
148594
261211
101062
170520
134118
177783
55849
264182
148746
129584
203556
195247
91053
44127
99952
209119
67370
161144
77812
272429
158744
192312
178175
223101
174724
202532
99065
66069
208577
232149
91878
136194
73317
130486
215265
159428
170430
196024
148650
168269
225681
48898
54137
126562
238978
123011
172750
86278
236626
83740
95808
136431
83241
67276
124108
145409
102793
131129
237598
218109
57319
108887
96728
41602
77556
213277
41409
106468
224911
109574
75217
176737
114581
176235
130033
303743
203411
282743
181870
303340
215631
71558
126989
237635
260105
84003
108734
265205
72535
65998
169352
148449
164733
88235
183962
53295
338634
73299
52341
95813
190461
168825
145848
208583
184072
71821
118346
180095
94286
89905
178512
123755
202708
65998
131989
249841
96924
227933
188263
74056
63031
95440
156845
274517
241263
234754
148804
104042
183373
110472
246056
97694
192421
180304
157421
158263
53023
104757
270272
119320
148222
70305
291596
186094
41409
150244
139132
164542
187170
212163
93003
192830
100534
88221
96769
341450
262052
65998
65998
263389
131822
189948
48905
295326
113080
41409
234542
74534
128311
116774
109744
60154
107098
267560
225045
92163
87956
156294
164566
152650
89226
123984
166726
149443
133249
114765
151825
256542
207970
128241
127015
227301
67166
181612
43800
141936
182077
85402
52915
173389
174179
263865
284349
88604
157603
207232
75540
82806
88343
210620
67686
160907
175059
74666
180024
187793
163610
56073
201577
77565
249528
129929
288771
253509
46770
174102
58602
140198
222600
217780
91562
245425
342145
99597
262104
106429
189468
260490
126337
238738
166351
179459
138298
107295
148505
187923
113383
143804
195444
196994
198155
182669
78827
76767
150785
181862
89384
254768
140818
105749
79499
103313
44150
210253
193816
76942
149192
118553
215916
185741
169584
155406
212819
91030
48190
154895
262109
140327
93773
75237
192423
112124
115491
107489
76335
259760
262126
82643
87510
190615
135931
168606
273382
110286
232878
166721
215976
95889
68993
196908
167451
199043
95799
116756
251943
126056
155241
76452
108244
95793
117108
68786
175702
202339
80781
269832
244408
