82
82
90
83
88
83
83
82
78
79
79
79
78
79
78
77
78
81
78
77
78
77
78
78
79
79
79
81
80
80
80
78
80
80
80
80
80
80
80
81
80
80
80
80
80
80
80
80
80
80
80
80
80
80
80
80
80
80
79
79
79
80
80
80
80
80
80
80
80
80
80
80
80
81
81
80
80
80
80
80
80
80
80
79
79
79
79
79
78
78
78
78
78
78
78
78
78
79
79
79
80
80
79
79
79
79
79
79
78
78
78
77
77
77
77
78
78
78
78
78
78
78
78
78
79
80
80
79
79
80
80
80
80
79
78
79
79
80
80
80
80
80
80
80
80
80
80
80
80
80
80
80
80
80
80
80
79
80
80
80
80
80
79
79
80
80
80
80
80
80
80
80
80
80
80
80
81
80
80
80
80
79
79
79
80
80
80
80
80
80
80
79
79
79
79
79
78
79
79
78
